This is pdfeTeX, Version 3.141592-1.21a-2.2 (Web2C 7.5.4) (format=pdflatex 2005.5.13)  13 FEB 2007 14:39
entering extended mode
**LangUtils.tex
(./LangUtils.tex
LaTeX2e <2003/12/01>
Babel <v3.8d> and hyphenation patterns for american, french, german, ngerman, b
ahasa, basque, bulgarian, catalan, croatian, czech, danish, dutch, esperanto, e
stonian, finnish, greek, icelandic, irish, italian, latin, magyar, norsk, polis
h, portuges, romanian, russian, serbian, slovak, slovene, spanish, swedish, tur
kish, ukrainian, nohyphenation, loaded.
(/sw/share/texmf-dist/tex/latex/base/article.cls
Document Class: article 2004/02/16 v1.4f Standard LaTeX document class
(/sw/share/texmf-dist/tex/latex/base/size11.clo
File: size11.clo 2004/02/16 v1.4f Standard LaTeX file (size option)
)
\c@part=\count79
\c@section=\count80
\c@subsection=\count81
\c@subsubsection=\count82
\c@paragraph=\count83
\c@subparagraph=\count84
\c@figure=\count85
\c@table=\count86
\abovecaptionskip=\skip41
\belowcaptionskip=\skip42
\bibindent=\dimen102
)
(/sw/share/texmf-dist/tex/latex/amsmath/amstext.sty
Package: amstext 2000/06/29 v2.01

(/sw/share/texmf-dist/tex/latex/amsmath/amsgen.sty
File: amsgen.sty 1999/11/30 v2.0
\@emptytoks=\toks14
\ex@=\dimen103
))
(/sw/share/texmf-dist/tex/latex/amsfonts/amssymb.sty
Package: amssymb 2002/01/22 v2.2d

(/sw/share/texmf-dist/tex/latex/amsfonts/amsfonts.sty
Package: amsfonts 2001/10/25 v2.2f
\symAMSa=\mathgroup4
\symAMSb=\mathgroup5
LaTeX Font Info:    Overwriting math alphabet `\mathfrak' in version `bold'
(Font)                  U/euf/m/n --> U/euf/b/n on input line 132.
))
(/sw/share/texmf-dist/tex/latex/stmaryrd/stmaryrd.sty
Package: stmaryrd 1994/03/03 St Mary's Road symbol package
\symstmry=\mathgroup6
LaTeX Font Info:    Overwriting symbol font `stmry' in version `bold'
(Font)                  U/stmry/m/n --> U/stmry/b/n on input line 89.
)
\lwidth=\skip43
\cwidth=\skip44

(/Users/alex/lib/tex/alltt.sty)
No file LangUtils.aux.
\openout1 = `LangUtils.aux'.

LaTeX Font Info:    Checking defaults for OML/cmm/m/it on input line 70.
LaTeX Font Info:    ... okay on input line 70.
LaTeX Font Info:    Checking defaults for T1/cmr/m/n on input line 70.
LaTeX Font Info:    ... okay on input line 70.
LaTeX Font Info:    Checking defaults for OT1/cmr/m/n on input line 70.
LaTeX Font Info:    ... okay on input line 70.
LaTeX Font Info:    Checking defaults for OMS/cmsy/m/n on input line 70.
LaTeX Font Info:    ... okay on input line 70.
LaTeX Font Info:    Checking defaults for OMX/cmex/m/n on input line 70.
LaTeX Font Info:    ... okay on input line 70.
LaTeX Font Info:    Checking defaults for U/cmr/m/n on input line 70.
LaTeX Font Info:    ... okay on input line 70.
LaTeX Font Info:    Try loading font information for U+msa on input line 72.
(/sw/share/texmf-dist/tex/latex/amsfonts/umsa.fd
File: umsa.fd 2002/01/19 v2.2g AMS font definitions
)
LaTeX Font Info:    Try loading font information for U+msb on input line 72.

(/sw/share/texmf-dist/tex/latex/amsfonts/umsb.fd
File: umsb.fd 2002/01/19 v2.2g AMS font definitions
)
LaTeX Font Info:    Try loading font information for U+stmry on input line 72.

(/sw/share/texmf-dist/tex/latex/stmaryrd/ustmry.fd)
LaTeX Font Info:    Try loading font information for OMS+cmr on input line 98.

(/sw/share/texmf-dist/tex/latex/base/omscmr.fd
File: omscmr.fd 1999/05/25 v2.5h Standard LaTeX font definitions
)
LaTeX Font Info:    Font shape `OMS/cmr/m/n' in size <10.95> not available
(Font)              Font shape `OMS/cmsy/m/n' tried instead on input line 98.
 [1

{/sw/var/lib/texmf/fonts/map/pdftex/updmap/pdftex.map}] [2] [3] [4] [5] [6] [7]

Overfull \hbox (40.12782pt too wide) in paragraph at lines 434--439
[]\OT1/cmr/m/n/10.95 Remember that $\OT1/cmr/m/it/10.95 f$ \OT1/cmr/m/n/10.95 a
nd $\OT1/cmr/m/it/10.95 g$ \OT1/cmr/m/n/10.95 are type vari-ables in the in-sta
nce. Thus, $[] \OT1/cmr/m/it/10.95 f \OT1/cmr/m/n/10.95 ([] \OT1/cmr/m/it/10.95
 f g\OT1/cmr/m/n/10.95 )$
 []

[8] [9] [10] [11] [12] [13] (./LangUtils.aux) ) 
Here is how much of TeX's memory you used:
 795 strings out of 94500
 9097 string characters out of 1176114
 52910 words of memory out of 1000000
 3985 multiletter control sequences out of 10000+50000
 14866 words of font info for 57 fonts, out of 500000 for 2000
 580 hyphenation exceptions out of 1000
 23i,7n,24p,293b,232s stack positions out of 1500i,500n,5000p,200000b,5000s
PDF statistics:
 81 PDF objects out of 300000
 0 named destinations out of 131072
 1 words of extra memory for PDF output out of 65536
</sw/share/texmf-dist/fonts/type
1/bluesky/cm/cmr8.pfb></sw/share/texmf-dist/fonts/type1/bluesky/cm/cmtt10.pfb><
/sw/share/texmf-dist/fonts/type1/bluesky/cm/cmmi8.pfb></sw/share/texmf-dist/fon
ts/type1/bluesky/cm/cmmi10.pfb></sw/share/texmf-dist/fonts/type1/bluesky/cm/cms
y10.pfb></sw/share/texmf-dist/fonts/type1/bluesky/cm/cmti10.pfb></sw/share/texm
f-dist/fonts/type1/bluesky/cm/cmbx12.pfb></sw/share/texmf-dist/fonts/type1/blue
sky/cm/cmr10.pfb></sw/share/texmf-dist/fonts/type1/bluesky/cm/cmbx10.pfb></sw/s
hare/texmf-dist/fonts/type1/bluesky/cm/cmtt12.pfb></sw/share/texmf-dist/fonts/t
ype1/bluesky/cm/cmr12.pfb></sw/share/texmf-dist/fonts/type1/bluesky/cm/cmti12.p
fb></sw/share/texmf-dist/fonts/type1/bluesky/cm/cmr17.pfb>
Output written on LangUtils.pdf (13 pages, 120893 bytes).
